{"C:\\Users\\megas\\Documents\\GitHub\\ECS162_HW3\\hw3-app\\static\\main.js": {"path":"C:\\Users\\megas\\Documents\\GitHub\\ECS162_HW3\\hw3-app\\static\\main.js","statementMap":{"0":{"start":{"line":1,"column":14},"end":{"line":1,"column":86}},"1":{"start":{"line":2,"column":14},"end":{"line":2,"column":125}},"2":{"start":{"line":6,"column":13},"end":{"line":6,"column":48}},"3":{"start":{"line":7,"column":12},"end":{"line":7,"column":22}},"4":{"start":{"line":8,"column":2},"end":{"line":13,"column":5}},"5":{"start":{"line":16,"column":19},"end":{"line":16,"column":56}},"6":{"start":{"line":17,"column":20},"end":{"line":17,"column":73}},"7":{"start":{"line":18,"column":0},"end":{"line":20,"column":1}},"8":{"start":{"line":19,"column":2},"end":{"line":19,"column":74}},"9":{"start":{"line":19,"column":29},"end":{"line":19,"column":73}},"10":{"start":{"line":25,"column":2},"end":{"line":28,"column":60}},"11":{"start":{"line":26,"column":17},"end":{"line":26,"column":27}},"12":{"start":{"line":27,"column":18},"end":{"line":27,"column":45}},"13":{"start":{"line":28,"column":18},"end":{"line":28,"column":58}},"14":{"start":{"line":32,"column":20},"end":{"line":32,"column":22}},"15":{"start":{"line":35,"column":2},"end":{"line":38,"column":73}},"16":{"start":{"line":36,"column":17},"end":{"line":36,"column":27}},"17":{"start":{"line":37,"column":20},"end":{"line":37,"column":54}},"18":{"start":{"line":38,"column":18},"end":{"line":38,"column":71}},"19":{"start":{"line":42,"column":32},"end":{"line":46,"column":43}},"20":{"start":{"line":46,"column":15},"end":{"line":46,"column":42}},"21":{"start":{"line":48,"column":2},"end":{"line":48,"column":59}},"22":{"start":{"line":48,"column":39},"end":{"line":48,"column":57}},"23":{"start":{"line":50,"column":2},"end":{"line":84,"column":5}},"24":{"start":{"line":51,"column":16},"end":{"line":51,"column":44}},"25":{"start":{"line":52,"column":15},"end":{"line":52,"column":48}},"26":{"start":{"line":53,"column":4},"end":{"line":53,"column":40}},"27":{"start":{"line":55,"column":4},"end":{"line":60,"column":5}},"28":{"start":{"line":56,"column":18},"end":{"line":56,"column":47}},"29":{"start":{"line":57,"column":6},"end":{"line":57,"column":43}},"30":{"start":{"line":58,"column":6},"end":{"line":58,"column":88}},"31":{"start":{"line":59,"column":6},"end":{"line":59,"column":26}},"32":{"start":{"line":62,"column":19},"end":{"line":62,"column":46}},"33":{"start":{"line":63,"column":4},"end":{"line":63,"column":39}},"34":{"start":{"line":64,"column":4},"end":{"line":64,"column":43}},"35":{"start":{"line":65,"column":4},"end":{"line":65,"column":27}},"36":{"start":{"line":67,"column":20},"end":{"line":67,"column":47}},"37":{"start":{"line":68,"column":4},"end":{"line":68,"column":39}},"38":{"start":{"line":69,"column":4},"end":{"line":69,"column":28}},"39":{"start":{"line":71,"column":16},"end":{"line":71,"column":48}},"40":{"start":{"line":72,"column":4},"end":{"line":72,"column":41}},"41":{"start":{"line":74,"column":17},"end":{"line":74,"column":47}},"42":{"start":{"line":75,"column":4},"end":{"line":75,"column":37}},"43":{"start":{"line":76,"column":4},"end":{"line":76,"column":55}},"44":{"start":{"line":78,"column":4},"end":{"line":78,"column":26}},"45":{"start":{"line":79,"column":4},"end":{"line":79,"column":26}},"46":{"start":{"line":80,"column":4},"end":{"line":80,"column":68}},"47":{"start":{"line":80,"column":24},"end":{"line":80,"column":67}},"48":{"start":{"line":81,"column":4},"end":{"line":81,"column":24}},"49":{"start":{"line":83,"column":4},"end":{"line":83,"column":24}},"50":{"start":{"line":88,"column":24},"end":{"line":88,"column":28}},"51":{"start":{"line":90,"column":21},"end":{"line":90,"column":62}},"52":{"start":{"line":91,"column":21},"end":{"line":91,"column":63}},"53":{"start":{"line":92,"column":21},"end":{"line":92,"column":66}},"54":{"start":{"line":93,"column":21},"end":{"line":93,"column":59}},"55":{"start":{"line":94,"column":21},"end":{"line":94,"column":59}},"56":{"start":{"line":95,"column":21},"end":{"line":95,"column":67}},"57":{"start":{"line":97,"column":0},"end":{"line":99,"column":1}},"58":{"start":{"line":98,"column":2},"end":{"line":98,"column":60}},"59":{"start":{"line":98,"column":27},"end":{"line":98,"column":59}},"60":{"start":{"line":101,"column":0},"end":{"line":107,"column":1}},"61":{"start":{"line":102,"column":2},"end":{"line":106,"column":4}},"62":{"start":{"line":103,"column":4},"end":{"line":103,"column":23}},"63":{"start":{"line":104,"column":4},"end":{"line":104,"column":62}},"64":{"start":{"line":105,"column":4},"end":{"line":105,"column":28}},"65":{"start":{"line":110,"column":2},"end":{"line":110,"column":33}},"66":{"start":{"line":111,"column":2},"end":{"line":111,"column":35}},"67":{"start":{"line":112,"column":2},"end":{"line":112,"column":32}},"68":{"start":{"line":115,"column":2},"end":{"line":115,"column":28}},"69":{"start":{"line":117,"column":18},"end":{"line":117,"column":46}},"70":{"start":{"line":118,"column":2},"end":{"line":118,"column":32}},"71":{"start":{"line":120,"column":2},"end":{"line":120,"column":36}},"72":{"start":{"line":122,"column":15},"end":{"line":122,"column":45}},"73":{"start":{"line":123,"column":2},"end":{"line":123,"column":27}},"74":{"start":{"line":124,"column":2},"end":{"line":124,"column":25}},"75":{"start":{"line":126,"column":2},"end":{"line":126,"column":28}},"76":{"start":{"line":127,"column":2},"end":{"line":127,"column":34}},"77":{"start":{"line":129,"column":2},"end":{"line":132,"column":3}},"78":{"start":{"line":130,"column":4},"end":{"line":130,"column":40}},"79":{"start":{"line":131,"column":4},"end":{"line":131,"column":40}},"80":{"start":{"line":134,"column":2},"end":{"line":134,"column":28}},"81":{"start":{"line":139,"column":2},"end":{"line":139,"column":27}},"82":{"start":{"line":140,"column":2},"end":{"line":140,"column":35}},"83":{"start":{"line":141,"column":2},"end":{"line":141,"column":32}},"84":{"start":{"line":144,"column":2},"end":{"line":144,"column":28}},"85":{"start":{"line":146,"column":19},"end":{"line":146,"column":46}},"86":{"start":{"line":147,"column":2},"end":{"line":147,"column":43}},"87":{"start":{"line":148,"column":2},"end":{"line":148,"column":38}},"88":{"start":{"line":149,"column":2},"end":{"line":149,"column":36}},"89":{"start":{"line":150,"column":2},"end":{"line":150,"column":33}},"90":{"start":{"line":151,"column":2},"end":{"line":151,"column":35}},"91":{"start":{"line":153,"column":26},"end":{"line":153,"column":55}},"92":{"start":{"line":154,"column":2},"end":{"line":154,"column":46}},"93":{"start":{"line":155,"column":2},"end":{"line":155,"column":42}},"94":{"start":{"line":156,"column":2},"end":{"line":156,"column":40}},"95":{"start":{"line":158,"column":15},"end":{"line":158,"column":45}},"96":{"start":{"line":159,"column":2},"end":{"line":159,"column":26}},"97":{"start":{"line":160,"column":2},"end":{"line":160,"column":22}},"98":{"start":{"line":162,"column":17},"end":{"line":162,"column":49}},"99":{"start":{"line":163,"column":2},"end":{"line":163,"column":25}},"100":{"start":{"line":164,"column":2},"end":{"line":164,"column":33}},"101":{"start":{"line":165,"column":2},"end":{"line":165,"column":35}},"102":{"start":{"line":166,"column":2},"end":{"line":166,"column":31}},"103":{"start":{"line":167,"column":2},"end":{"line":167,"column":35}},"104":{"start":{"line":168,"column":2},"end":{"line":168,"column":35}},"105":{"start":{"line":170,"column":2},"end":{"line":170,"column":27}},"106":{"start":{"line":171,"column":2},"end":{"line":171,"column":36}},"107":{"start":{"line":172,"column":2},"end":{"line":172,"column":42}},"108":{"start":{"line":174,"column":2},"end":{"line":174,"column":54}},"109":{"start":{"line":174,"column":19},"end":{"line":174,"column":54}},"110":{"start":{"line":179,"column":2},"end":{"line":198,"column":66}},"111":{"start":{"line":180,"column":17},"end":{"line":180,"column":27}},"112":{"start":{"line":182,"column":23},"end":{"line":182,"column":42}},"113":{"start":{"line":183,"column":25},"end":{"line":186,"column":11}},"114":{"start":{"line":184,"column":27},"end":{"line":184,"column":63}},"115":{"start":{"line":185,"column":8},"end":{"line":185,"column":36}},"116":{"start":{"line":187,"column":6},"end":{"line":187,"column":71}},"117":{"start":{"line":189,"column":22},"end":{"line":189,"column":60}},"118":{"start":{"line":190,"column":6},"end":{"line":190,"column":36}},"119":{"start":{"line":190,"column":19},"end":{"line":190,"column":36}},"120":{"start":{"line":192,"column":19},"end":{"line":192,"column":48}},"121":{"start":{"line":193,"column":6},"end":{"line":193,"column":30}},"122":{"start":{"line":195,"column":6},"end":{"line":195,"column":83}},"123":{"start":{"line":195,"column":28},"end":{"line":195,"column":81}},"124":{"start":{"line":196,"column":6},"end":{"line":196,"column":35}},"125":{"start":{"line":198,"column":18},"end":{"line":198,"column":64}},"126":{"start":{"line":203,"column":15},"end":{"line":203,"column":44}},"127":{"start":{"line":204,"column":2},"end":{"line":204,"column":34}},"128":{"start":{"line":206,"column":17},"end":{"line":206,"column":44}},"129":{"start":{"line":207,"column":2},"end":{"line":207,"column":38}},"130":{"start":{"line":208,"column":2},"end":{"line":208,"column":58}},"131":{"start":{"line":209,"column":2},"end":{"line":209,"column":27}},"132":{"start":{"line":211,"column":15},"end":{"line":211,"column":42}},"133":{"start":{"line":212,"column":2},"end":{"line":212,"column":34}},"134":{"start":{"line":213,"column":2},"end":{"line":213,"column":88}},"135":{"start":{"line":214,"column":2},"end":{"line":214,"column":25}},"136":{"start":{"line":216,"column":20},"end":{"line":216,"column":49}},"137":{"start":{"line":217,"column":2},"end":{"line":217,"column":44}},"138":{"start":{"line":219,"column":19},"end":{"line":219,"column":53}},"139":{"start":{"line":220,"column":2},"end":{"line":220,"column":42}},"140":{"start":{"line":221,"column":2},"end":{"line":221,"column":34}},"141":{"start":{"line":223,"column":19},"end":{"line":223,"column":51}},"142":{"start":{"line":224,"column":2},"end":{"line":224,"column":38}},"143":{"start":{"line":225,"column":2},"end":{"line":225,"column":32}},"144":{"start":{"line":226,"column":2},"end":{"line":226,"column":34}},"145":{"start":{"line":228,"column":2},"end":{"line":228,"column":30}},"146":{"start":{"line":230,"column":21},"end":{"line":230,"column":50}},"147":{"start":{"line":231,"column":2},"end":{"line":231,"column":35}},"148":{"start":{"line":232,"column":2},"end":{"line":232,"column":31}},"149":{"start":{"line":234,"column":2},"end":{"line":234,"column":70}},"150":{"start":{"line":236,"column":2},"end":{"line":238,"column":5}},"151":{"start":{"line":237,"column":4},"end":{"line":237,"column":78}},"152":{"start":{"line":241,"column":2},"end":{"line":243,"column":4}},"153":{"start":{"line":242,"column":4},"end":{"line":242,"column":41}},"154":{"start":{"line":245,"column":2},"end":{"line":264,"column":4}},"155":{"start":{"line":246,"column":22},"end":{"line":246,"column":43}},"156":{"start":{"line":247,"column":4},"end":{"line":247,"column":27}},"157":{"start":{"line":247,"column":20},"end":{"line":247,"column":27}},"158":{"start":{"line":249,"column":4},"end":{"line":263,"column":7}},"159":{"start":{"line":258,"column":17},"end":{"line":258,"column":27}},"160":{"start":{"line":260,"column":6},"end":{"line":260,"column":32}},"161":{"start":{"line":261,"column":6},"end":{"line":261,"column":54}},"162":{"start":{"line":262,"column":6},"end":{"line":262,"column":12}},"163":{"start":{"line":266,"column":2},"end":{"line":266,"column":14}},"164":{"start":{"line":270,"column":14},"end":{"line":270,"column":43}},"165":{"start":{"line":271,"column":2},"end":{"line":271,"column":31}},"166":{"start":{"line":273,"column":19},"end":{"line":273,"column":51}},"167":{"start":{"line":274,"column":2},"end":{"line":274,"column":33}},"168":{"start":{"line":275,"column":2},"end":{"line":275,"column":35}},"169":{"start":{"line":276,"column":2},"end":{"line":276,"column":28}},"170":{"start":{"line":278,"column":2},"end":{"line":289,"column":3}},"171":{"start":{"line":279,"column":19},"end":{"line":279,"column":51}},"172":{"start":{"line":280,"column":4},"end":{"line":280,"column":34}},"173":{"start":{"line":281,"column":4},"end":{"line":287,"column":6}},"174":{"start":{"line":282,"column":6},"end":{"line":286,"column":47}},"175":{"start":{"line":286,"column":20},"end":{"line":286,"column":45}},"176":{"start":{"line":288,"column":4},"end":{"line":288,"column":28}},"177":{"start":{"line":291,"column":2},"end":{"line":291,"column":13}},"178":{"start":{"line":295,"column":18},"end":{"line":295,"column":47}},"179":{"start":{"line":296,"column":2},"end":{"line":296,"column":30}},"180":{"start":{"line":298,"column":17},"end":{"line":298,"column":44}},"181":{"start":{"line":299,"column":2},"end":{"line":299,"column":38}},"182":{"start":{"line":300,"column":2},"end":{"line":300,"column":41}},"183":{"start":{"line":301,"column":2},"end":{"line":301,"column":30}},"184":{"start":{"line":303,"column":15},"end":{"line":303,"column":42}},"185":{"start":{"line":304,"column":2},"end":{"line":304,"column":34}},"186":{"start":{"line":305,"column":2},"end":{"line":305,"column":84}},"187":{"start":{"line":306,"column":2},"end":{"line":306,"column":28}},"188":{"start":{"line":308,"column":2},"end":{"line":327,"column":3}},"189":{"start":{"line":309,"column":19},"end":{"line":309,"column":51}},"190":{"start":{"line":310,"column":4},"end":{"line":310,"column":34}},"191":{"start":{"line":311,"column":4},"end":{"line":311,"column":38}},"192":{"start":{"line":312,"column":4},"end":{"line":321,"column":6}},"193":{"start":{"line":313,"column":6},"end":{"line":320,"column":47}},"194":{"start":{"line":320,"column":20},"end":{"line":320,"column":45}},"195":{"start":{"line":323,"column":22},"end":{"line":323,"column":51}},"196":{"start":{"line":324,"column":4},"end":{"line":324,"column":39}},"197":{"start":{"line":325,"column":4},"end":{"line":325,"column":34}},"198":{"start":{"line":326,"column":4},"end":{"line":326,"column":35}},"199":{"start":{"line":329,"column":2},"end":{"line":329,"column":17}},"200":{"start":{"line":334,"column":2},"end":{"line":347,"column":51}},"201":{"start":{"line":340,"column":6},"end":{"line":340,"column":50}},"202":{"start":{"line":340,"column":19},"end":{"line":340,"column":50}},"203":{"start":{"line":341,"column":6},"end":{"line":341,"column":24}},"204":{"start":{"line":344,"column":6},"end":{"line":344,"column":32}},"205":{"start":{"line":345,"column":6},"end":{"line":345,"column":54}},"206":{"start":{"line":347,"column":17},"end":{"line":347,"column":49}},"207":{"start":{"line":351,"column":0},"end":{"line":356,"column":1}},"208":{"start":{"line":352,"column":2},"end":{"line":352,"column":88}},"209":{"start":{"line":354,"column":2},"end":{"line":354,"column":19}},"210":{"start":{"line":355,"column":2},"end":{"line":355,"column":43}}},"fnMap":{"0":{"name":"initializeDate","decl":{"start":{"line":5,"column":9},"end":{"line":5,"column":23}},"loc":{"start":{"line":5,"column":26},"end":{"line":14,"column":1}},"line":5},"1":{"name":"(anonymous_1)","decl":{"start":{"line":19,"column":23},"end":{"line":19,"column":24}},"loc":{"start":{"line":19,"column":29},"end":{"line":19,"column":73}},"line":19},"2":{"name":"fetchArticles","decl":{"start":{"line":24,"column":9},"end":{"line":24,"column":22}},"loc":{"start":{"line":24,"column":25},"end":{"line":29,"column":1}},"line":24},"3":{"name":"(anonymous_3)","decl":{"start":{"line":26,"column":10},"end":{"line":26,"column":11}},"loc":{"start":{"line":26,"column":17},"end":{"line":26,"column":27}},"line":26},"4":{"name":"(anonymous_4)","decl":{"start":{"line":27,"column":10},"end":{"line":27,"column":11}},"loc":{"start":{"line":27,"column":18},"end":{"line":27,"column":45}},"line":27},"5":{"name":"(anonymous_5)","decl":{"start":{"line":28,"column":11},"end":{"line":28,"column":12}},"loc":{"start":{"line":28,"column":18},"end":{"line":28,"column":58}},"line":28},"6":{"name":"fetchCommentCounts","decl":{"start":{"line":34,"column":9},"end":{"line":34,"column":27}},"loc":{"start":{"line":34,"column":30},"end":{"line":39,"column":1}},"line":34},"7":{"name":"(anonymous_7)","decl":{"start":{"line":36,"column":10},"end":{"line":36,"column":11}},"loc":{"start":{"line":36,"column":17},"end":{"line":36,"column":27}},"line":36},"8":{"name":"(anonymous_8)","decl":{"start":{"line":37,"column":10},"end":{"line":37,"column":11}},"loc":{"start":{"line":37,"column":18},"end":{"line":37,"column":56}},"line":37},"9":{"name":"(anonymous_9)","decl":{"start":{"line":38,"column":11},"end":{"line":38,"column":12}},"loc":{"start":{"line":38,"column":18},"end":{"line":38,"column":71}},"line":38},"10":{"name":"loadArticles","decl":{"start":{"line":41,"column":9},"end":{"line":41,"column":21}},"loc":{"start":{"line":41,"column":32},"end":{"line":85,"column":1}},"line":41},"11":{"name":"(anonymous_11)","decl":{"start":{"line":46,"column":8},"end":{"line":46,"column":9}},"loc":{"start":{"line":46,"column":15},"end":{"line":46,"column":42}},"line":46},"12":{"name":"(anonymous_12)","decl":{"start":{"line":48,"column":32},"end":{"line":48,"column":33}},"loc":{"start":{"line":48,"column":39},"end":{"line":48,"column":57}},"line":48},"13":{"name":"(anonymous_13)","decl":{"start":{"line":50,"column":19},"end":{"line":50,"column":20}},"loc":{"start":{"line":50,"column":31},"end":{"line":84,"column":3}},"line":50},"14":{"name":"(anonymous_14)","decl":{"start":{"line":80,"column":18},"end":{"line":80,"column":19}},"loc":{"start":{"line":80,"column":24},"end":{"line":80,"column":67}},"line":80},"15":{"name":"(anonymous_15)","decl":{"start":{"line":98,"column":21},"end":{"line":98,"column":22}},"loc":{"start":{"line":98,"column":27},"end":{"line":98,"column":59}},"line":98},"16":{"name":"(anonymous_16)","decl":{"start":{"line":102,"column":25},"end":{"line":102,"column":26}},"loc":{"start":{"line":102,"column":30},"end":{"line":106,"column":3}},"line":102},"17":{"name":"openSidebar","decl":{"start":{"line":109,"column":9},"end":{"line":109,"column":20}},"loc":{"start":{"line":109,"column":53},"end":{"line":135,"column":1}},"line":109},"18":{"name":"openAccountSidebar","decl":{"start":{"line":138,"column":9},"end":{"line":138,"column":27}},"loc":{"start":{"line":138,"column":35},"end":{"line":175,"column":1}},"line":138},"19":{"name":"fetchComments","decl":{"start":{"line":178,"column":9},"end":{"line":178,"column":22}},"loc":{"start":{"line":178,"column":35},"end":{"line":199,"column":1}},"line":178},"20":{"name":"(anonymous_20)","decl":{"start":{"line":180,"column":10},"end":{"line":180,"column":11}},"loc":{"start":{"line":180,"column":17},"end":{"line":180,"column":27}},"line":180},"21":{"name":"(anonymous_21)","decl":{"start":{"line":181,"column":10},"end":{"line":181,"column":11}},"loc":{"start":{"line":181,"column":18},"end":{"line":197,"column":5}},"line":181},"22":{"name":"(anonymous_22)","decl":{"start":{"line":183,"column":41},"end":{"line":183,"column":42}},"loc":{"start":{"line":183,"column":53},"end":{"line":186,"column":7}},"line":183},"23":{"name":"(anonymous_23)","decl":{"start":{"line":195,"column":23},"end":{"line":195,"column":24}},"loc":{"start":{"line":195,"column":28},"end":{"line":195,"column":81}},"line":195},"24":{"name":"(anonymous_24)","decl":{"start":{"line":198,"column":11},"end":{"line":198,"column":12}},"loc":{"start":{"line":198,"column":18},"end":{"line":198,"column":64}},"line":198},"25":{"name":"createCommentElement","decl":{"start":{"line":202,"column":9},"end":{"line":202,"column":29}},"loc":{"start":{"line":202,"column":51},"end":{"line":267,"column":1}},"line":202},"26":{"name":"(anonymous_26)","decl":{"start":{"line":236,"column":34},"end":{"line":236,"column":35}},"loc":{"start":{"line":236,"column":48},"end":{"line":238,"column":3}},"line":236},"27":{"name":"(anonymous_27)","decl":{"start":{"line":241,"column":45},"end":{"line":241,"column":46}},"loc":{"start":{"line":241,"column":51},"end":{"line":243,"column":3}},"line":241},"28":{"name":"(anonymous_28)","decl":{"start":{"line":245,"column":21},"end":{"line":245,"column":22}},"loc":{"start":{"line":245,"column":27},"end":{"line":264,"column":3}},"line":245},"29":{"name":"(anonymous_29)","decl":{"start":{"line":258,"column":10},"end":{"line":258,"column":11}},"loc":{"start":{"line":258,"column":17},"end":{"line":258,"column":27}},"line":258},"30":{"name":"(anonymous_30)","decl":{"start":{"line":259,"column":10},"end":{"line":259,"column":11}},"loc":{"start":{"line":259,"column":16},"end":{"line":263,"column":5}},"line":259},"31":{"name":"createActionRow","decl":{"start":{"line":269,"column":9},"end":{"line":269,"column":24}},"loc":{"start":{"line":269,"column":46},"end":{"line":292,"column":1}},"line":269},"32":{"name":"(anonymous_32)","decl":{"start":{"line":281,"column":21},"end":{"line":281,"column":22}},"loc":{"start":{"line":281,"column":27},"end":{"line":287,"column":5}},"line":281},"33":{"name":"(anonymous_33)","decl":{"start":{"line":286,"column":14},"end":{"line":286,"column":15}},"loc":{"start":{"line":286,"column":20},"end":{"line":286,"column":45}},"line":286},"34":{"name":"createReplyElement","decl":{"start":{"line":294,"column":9},"end":{"line":294,"column":27}},"loc":{"start":{"line":294,"column":69},"end":{"line":330,"column":1}},"line":294},"35":{"name":"(anonymous_35)","decl":{"start":{"line":312,"column":21},"end":{"line":312,"column":22}},"loc":{"start":{"line":312,"column":27},"end":{"line":321,"column":5}},"line":312},"36":{"name":"(anonymous_36)","decl":{"start":{"line":320,"column":14},"end":{"line":320,"column":15}},"loc":{"start":{"line":320,"column":20},"end":{"line":320,"column":45}},"line":320},"37":{"name":"postComment","decl":{"start":{"line":333,"column":9},"end":{"line":333,"column":20}},"loc":{"start":{"line":333,"column":39},"end":{"line":348,"column":1}},"line":333},"38":{"name":"(anonymous_38)","decl":{"start":{"line":339,"column":10},"end":{"line":339,"column":11}},"loc":{"start":{"line":339,"column":17},"end":{"line":342,"column":5}},"line":339},"39":{"name":"(anonymous_39)","decl":{"start":{"line":343,"column":10},"end":{"line":343,"column":11}},"loc":{"start":{"line":343,"column":16},"end":{"line":346,"column":5}},"line":343},"40":{"name":"(anonymous_40)","decl":{"start":{"line":347,"column":11},"end":{"line":347,"column":12}},"loc":{"start":{"line":347,"column":17},"end":{"line":347,"column":49}},"line":347}},"branchMap":{"0":{"loc":{"start":{"line":17,"column":20},"end":{"line":17,"column":73}},"type":"binary-expr","locations":[{"start":{"line":17,"column":20},"end":{"line":17,"column":30}},{"start":{"line":17,"column":34},"end":{"line":17,"column":73}}],"line":17},"1":{"loc":{"start":{"line":18,"column":0},"end":{"line":20,"column":1}},"type":"if","locations":[{"start":{"line":18,"column":0},"end":{"line":20,"column":1}},{"start":{},"end":{}}],"line":18},"2":{"loc":{"start":{"line":37,"column":36},"end":{"line":37,"column":53}},"type":"binary-expr","locations":[{"start":{"line":37,"column":36},"end":{"line":37,"column":47}},{"start":{"line":37,"column":51},"end":{"line":37,"column":53}}],"line":37},"3":{"loc":{"start":{"line":55,"column":4},"end":{"line":60,"column":5}},"type":"if","locations":[{"start":{"line":55,"column":4},"end":{"line":60,"column":5}},{"start":{},"end":{}}],"line":55},"4":{"loc":{"start":{"line":55,"column":8},"end":{"line":55,"column":78}},"type":"binary-expr","locations":[{"start":{"line":55,"column":8},"end":{"line":55,"column":22}},{"start":{"line":55,"column":26},"end":{"line":55,"column":48}},{"start":{"line":55,"column":52},"end":{"line":55,"column":78}}],"line":55},"5":{"loc":{"start":{"line":58,"column":16},"end":{"line":58,"column":87}},"type":"cond-expr","locations":[{"start":{"line":58,"column":52},"end":{"line":58,"column":69}},{"start":{"line":58,"column":72},"end":{"line":58,"column":87}}],"line":58},"6":{"loc":{"start":{"line":58,"column":16},"end":{"line":58,"column":49}},"type":"binary-expr","locations":[{"start":{"line":58,"column":16},"end":{"line":58,"column":28}},{"start":{"line":58,"column":32},"end":{"line":58,"column":49}}],"line":58},"7":{"loc":{"start":{"line":76,"column":23},"end":{"line":76,"column":54}},"type":"binary-expr","locations":[{"start":{"line":76,"column":23},"end":{"line":76,"column":49}},{"start":{"line":76,"column":53},"end":{"line":76,"column":54}}],"line":76},"8":{"loc":{"start":{"line":97,"column":0},"end":{"line":99,"column":1}},"type":"if","locations":[{"start":{"line":97,"column":0},"end":{"line":99,"column":1}},{"start":{},"end":{}}],"line":97},"9":{"loc":{"start":{"line":101,"column":0},"end":{"line":107,"column":1}},"type":"if","locations":[{"start":{"line":101,"column":0},"end":{"line":107,"column":1}},{"start":{},"end":{}}],"line":101},"10":{"loc":{"start":{"line":109,"column":33},"end":{"line":109,"column":51}},"type":"default-arg","locations":[{"start":{"line":109,"column":41},"end":{"line":109,"column":51}}],"line":109},"11":{"loc":{"start":{"line":129,"column":2},"end":{"line":132,"column":3}},"type":"if","locations":[{"start":{"line":129,"column":2},"end":{"line":132,"column":3}},{"start":{},"end":{}}],"line":129},"12":{"loc":{"start":{"line":174,"column":2},"end":{"line":174,"column":54}},"type":"if","locations":[{"start":{"line":174,"column":2},"end":{"line":174,"column":54}},{"start":{},"end":{}}],"line":174},"13":{"loc":{"start":{"line":182,"column":23},"end":{"line":182,"column":42}},"type":"binary-expr","locations":[{"start":{"line":182,"column":23},"end":{"line":182,"column":36}},{"start":{"line":182,"column":40},"end":{"line":182,"column":42}}],"line":182},"14":{"loc":{"start":{"line":184,"column":27},"end":{"line":184,"column":63}},"type":"binary-expr","locations":[{"start":{"line":184,"column":28},"end":{"line":184,"column":37}},{"start":{"line":184,"column":41},"end":{"line":184,"column":57}},{"start":{"line":184,"column":62},"end":{"line":184,"column":63}}],"line":184},"15":{"loc":{"start":{"line":190,"column":6},"end":{"line":190,"column":36}},"type":"if","locations":[{"start":{"line":190,"column":6},"end":{"line":190,"column":36}},{"start":{},"end":{}}],"line":190},"16":{"loc":{"start":{"line":208,"column":28},"end":{"line":208,"column":55}},"type":"binary-expr","locations":[{"start":{"line":208,"column":28},"end":{"line":208,"column":40}},{"start":{"line":208,"column":44},"end":{"line":208,"column":55}}],"line":208},"17":{"loc":{"start":{"line":213,"column":21},"end":{"line":213,"column":87}},"type":"cond-expr","locations":[{"start":{"line":213,"column":41},"end":{"line":213,"column":72}},{"start":{"line":213,"column":75},"end":{"line":213,"column":87}}],"line":213},"18":{"loc":{"start":{"line":236,"column":3},"end":{"line":236,"column":24}},"type":"binary-expr","locations":[{"start":{"line":236,"column":3},"end":{"line":236,"column":18}},{"start":{"line":236,"column":22},"end":{"line":236,"column":24}}],"line":236},"19":{"loc":{"start":{"line":247,"column":4},"end":{"line":247,"column":27}},"type":"if","locations":[{"start":{"line":247,"column":4},"end":{"line":247,"column":27}},{"start":{},"end":{}}],"line":247},"20":{"loc":{"start":{"line":278,"column":2},"end":{"line":289,"column":3}},"type":"if","locations":[{"start":{"line":278,"column":2},"end":{"line":289,"column":3}},{"start":{},"end":{}}],"line":278},"21":{"loc":{"start":{"line":305,"column":21},"end":{"line":305,"column":83}},"type":"cond-expr","locations":[{"start":{"line":305,"column":39},"end":{"line":305,"column":70}},{"start":{"line":305,"column":73},"end":{"line":305,"column":83}}],"line":305},"22":{"loc":{"start":{"line":308,"column":2},"end":{"line":327,"column":3}},"type":"if","locations":[{"start":{"line":308,"column":2},"end":{"line":327,"column":3}},{"start":{},"end":{}}],"line":308},"23":{"loc":{"start":{"line":340,"column":6},"end":{"line":340,"column":50}},"type":"if","locations":[{"start":{"line":340,"column":6},"end":{"line":340,"column":50}},{"start":{},"end":{}}],"line":340},"24":{"loc":{"start":{"line":351,"column":0},"end":{"line":356,"column":1}},"type":"if","locations":[{"start":{"line":351,"column":0},"end":{"line":356,"column":1}},{"start":{"line":353,"column":7},"end":{"line":356,"column":1}}],"line":351}},"s":{"0":1,"1":1,"2":1,"3":1,"4":1,"5":1,"6":1,"7":1,"8":0,"9":0,"10":0,"11":0,"12":0,"13":0,"14":1,"15":0,"16":0,"17":0,"18":0,"19":0,"20":0,"21":0,"22":0,"23":0,"24":0,"25":0,"26":0,"27":0,"28":0,"29":0,"30":0,"31":0,"32":0,"33":0,"34":0,"35":0,"36":0,"37":0,"38":0,"39":0,"40":0,"41":0,"42":0,"43":0,"44":0,"45":0,"46":0,"47":0,"48":0,"49":0,"50":1,"51":1,"52":1,"53":1,"54":1,"55":1,"56":1,"57":1,"58":0,"59":0,"60":1,"61":0,"62":0,"63":0,"64":0,"65":0,"66":0,"67":0,"68":0,"69":0,"70":0,"71":0,"72":0,"73":0,"74":0,"75":0,"76":0,"77":0,"78":0,"79":0,"80":0,"81":0,"82":0,"83":0,"84":0,"85":0,"86":0,"87":0,"88":0,"89":0,"90":0,"91":0,"92":0,"93":0,"94":0,"95":0,"96":0,"97":0,"98":0,"99":0,"100":0,"101":0,"102":0,"103":0,"104":0,"105":0,"106":0,"107":0,"108":0,"109":0,"110":0,"111":0,"112":0,"113":0,"114":0,"115":0,"116":0,"117":0,"118":0,"119":0,"120":0,"121":0,"122":0,"123":0,"124":0,"125":0,"126":1,"127":1,"128":1,"129":1,"130":1,"131":1,"132":1,"133":1,"134":1,"135":1,"136":1,"137":1,"138":1,"139":1,"140":1,"141":1,"142":1,"143":1,"144":1,"145":1,"146":1,"147":1,"148":1,"149":1,"150":1,"151":0,"152":1,"153":2,"154":1,"155":0,"156":0,"157":0,"158":0,"159":0,"160":0,"161":0,"162":0,"163":1,"164":1,"165":1,"166":1,"167":1,"168":1,"169":1,"170":1,"171":0,"172":0,"173":0,"174":0,"175":0,"176":0,"177":1,"178":0,"179":0,"180":0,"181":0,"182":0,"183":0,"184":0,"185":0,"186":0,"187":0,"188":0,"189":0,"190":0,"191":0,"192":0,"193":0,"194":0,"195":0,"196":0,"197":0,"198":0,"199":0,"200":0,"201":0,"202":0,"203":0,"204":0,"205":0,"206":0,"207":1,"208":1,"209":0,"210":0},"f":{"0":1,"1":0,"2":0,"3":0,"4":0,"5":0,"6":0,"7":0,"8":0,"9":0,"10":0,"11":0,"12":0,"13":0,"14":0,"15":0,"16":0,"17":0,"18":0,"19":0,"20":0,"21":0,"22":0,"23":0,"24":0,"25":1,"26":0,"27":2,"28":0,"29":0,"30":0,"31":1,"32":0,"33":0,"34":0,"35":0,"36":0,"37":0,"38":0,"39":0,"40":0},"b":{"0":[1,0],"1":[0,1],"2":[0,0],"3":[0,0],"4":[0,0,0],"5":[0,0],"6":[0,0],"7":[0,0],"8":[0,1],"9":[0,1],"10":[0],"11":[0,0],"12":[0,0],"13":[0,0],"14":[0,0,0],"15":[0,0],"16":[1,0],"17":[0,1],"18":[1,0],"19":[0,0],"20":[0,1],"21":[0,0],"22":[0,0],"23":[0,0],"24":[1,0]},"_coverageSchema":"1a1c01bbd47fc00a2c39e90264f33305004495a9","hash":"a4a71a754c3f941c2e4565ba5851a144c0796ff8"}
}
