{"C:\\Users\\doggo\\OneDrive\\Documents\\ECS162_HW2\\hw2-app\\static\\main.js": {"path":"C:\\Users\\doggo\\OneDrive\\Documents\\ECS162_HW2\\hw2-app\\static\\main.js","statementMap":{"0":{"start":{"line":4,"column":0},"end":{"line":4,"column":86}},"1":{"start":{"line":5,"column":0},"end":{"line":5,"column":131}},"2":{"start":{"line":10,"column":15},"end":{"line":10,"column":50}},"3":{"start":{"line":12,"column":11},"end":{"line":12,"column":21}},"4":{"start":{"line":15,"column":15},"end":{"line":15,"column":34}},"5":{"start":{"line":16,"column":15},"end":{"line":16,"column":29}},"6":{"start":{"line":17,"column":16},"end":{"line":17,"column":38}},"7":{"start":{"line":18,"column":15},"end":{"line":18,"column":33}},"8":{"start":{"line":22,"column":0},"end":{"line":22,"column":86}},"9":{"start":{"line":26,"column":0},"end":{"line":59,"column":6}},"10":{"start":{"line":28,"column":8},"end":{"line":30,"column":9}},"11":{"start":{"line":29,"column":12},"end":{"line":29,"column":53}},"12":{"start":{"line":31,"column":8},"end":{"line":31,"column":30}},"13":{"start":{"line":34,"column":23},"end":{"line":34,"column":34}},"14":{"start":{"line":38,"column":23},"end":{"line":38,"column":178}},"15":{"start":{"line":41,"column":8},"end":{"line":55,"column":14}},"16":{"start":{"line":43,"column":16},"end":{"line":45,"column":17}},"17":{"start":{"line":44,"column":20},"end":{"line":44,"column":59}},"18":{"start":{"line":46,"column":16},"end":{"line":46,"column":39}},"19":{"start":{"line":49,"column":16},"end":{"line":49,"column":34}},"20":{"start":{"line":51,"column":16},"end":{"line":51,"column":49}},"21":{"start":{"line":54,"column":16},"end":{"line":54,"column":48}},"22":{"start":{"line":58,"column":8},"end":{"line":58,"column":40}},"23":{"start":{"line":69,"column":22},"end":{"line":74,"column":11}},"24":{"start":{"line":78,"column":10},"end":{"line":80,"column":11}},"25":{"start":{"line":78,"column":23},"end":{"line":78,"column":24}},"26":{"start":{"line":79,"column":12},"end":{"line":79,"column":38}},"27":{"start":{"line":83,"column":10},"end":{"line":123,"column":11}},"28":{"start":{"line":83,"column":23},"end":{"line":83,"column":24}},"29":{"start":{"line":86,"column":26},"end":{"line":86,"column":37}},"30":{"start":{"line":88,"column":33},"end":{"line":88,"column":47}},"31":{"start":{"line":91,"column":29},"end":{"line":91,"column":62}},"32":{"start":{"line":95,"column":12},"end":{"line":102,"column":15}},"33":{"start":{"line":97,"column":28},"end":{"line":97,"column":57}},"34":{"start":{"line":99,"column":16},"end":{"line":99,"column":57}},"35":{"start":{"line":101,"column":16},"end":{"line":101,"column":44}},"36":{"start":{"line":107,"column":24},"end":{"line":107,"column":51}},"37":{"start":{"line":109,"column":12},"end":{"line":109,"column":46}},"38":{"start":{"line":111,"column":12},"end":{"line":111,"column":54}},"39":{"start":{"line":113,"column":12},"end":{"line":113,"column":42}},"40":{"start":{"line":116,"column":30},"end":{"line":116,"column":57}},"41":{"start":{"line":118,"column":12},"end":{"line":118,"column":55}},"42":{"start":{"line":120,"column":12},"end":{"line":120,"column":48}},"43":{"start":{"line":122,"column":12},"end":{"line":122,"column":51}},"44":{"start":{"line":127,"column":6},"end":{"line":136,"column":7}},"45":{"start":{"line":128,"column":8},"end":{"line":132,"column":10}},"46":{"start":{"line":134,"column":8},"end":{"line":134,"column":25}},"47":{"start":{"line":135,"column":8},"end":{"line":135,"column":24}}},"fnMap":{"0":{"name":"initializeDate","decl":{"start":{"line":8,"column":9},"end":{"line":8,"column":23}},"loc":{"start":{"line":8,"column":26},"end":{"line":23,"column":1}},"line":8},"1":{"name":"fetchArticles","decl":{"start":{"line":25,"column":9},"end":{"line":25,"column":22}},"loc":{"start":{"line":25,"column":25},"end":{"line":60,"column":1}},"line":25},"2":{"name":"(anonymous_2)","decl":{"start":{"line":27,"column":11},"end":{"line":27,"column":12}},"loc":{"start":{"line":27,"column":23},"end":{"line":32,"column":5}},"line":27},"3":{"name":"(anonymous_3)","decl":{"start":{"line":33,"column":10},"end":{"line":33,"column":11}},"loc":{"start":{"line":33,"column":18},"end":{"line":56,"column":5}},"line":33},"4":{"name":"(anonymous_4)","decl":{"start":{"line":42,"column":18},"end":{"line":42,"column":19}},"loc":{"start":{"line":42,"column":30},"end":{"line":47,"column":13}},"line":42},"5":{"name":"(anonymous_5)","decl":{"start":{"line":48,"column":19},"end":{"line":48,"column":20}},"loc":{"start":{"line":48,"column":27},"end":{"line":52,"column":13}},"line":48},"6":{"name":"(anonymous_6)","decl":{"start":{"line":53,"column":19},"end":{"line":53,"column":20}},"loc":{"start":{"line":53,"column":28},"end":{"line":55,"column":13}},"line":53},"7":{"name":"(anonymous_7)","decl":{"start":{"line":57,"column":11},"end":{"line":57,"column":12}},"loc":{"start":{"line":57,"column":20},"end":{"line":59,"column":5}},"line":57},"8":{"name":"loadArticles","decl":{"start":{"line":63,"column":13},"end":{"line":63,"column":25}},"loc":{"start":{"line":63,"column":36},"end":{"line":124,"column":7}},"line":63}},"branchMap":{"0":{"loc":{"start":{"line":28,"column":8},"end":{"line":30,"column":9}},"type":"if","locations":[{"start":{"line":28,"column":8},"end":{"line":30,"column":9}},{"start":{},"end":{}}],"line":28},"1":{"loc":{"start":{"line":43,"column":16},"end":{"line":45,"column":17}},"type":"if","locations":[{"start":{"line":43,"column":16},"end":{"line":45,"column":17}},{"start":{},"end":{}}],"line":43},"2":{"loc":{"start":{"line":95,"column":12},"end":{"line":102,"column":15}},"type":"if","locations":[{"start":{"line":95,"column":12},"end":{"line":102,"column":15}},{"start":{},"end":{}}],"line":95},"3":{"loc":{"start":{"line":127,"column":6},"end":{"line":136,"column":7}},"type":"if","locations":[{"start":{"line":127,"column":6},"end":{"line":136,"column":7}},{"start":{"line":133,"column":13},"end":{"line":136,"column":7}}],"line":127}},"s":{"0":1,"1":1,"2":1,"3":1,"4":1,"5":1,"6":1,"7":1,"8":1,"9":1,"10":1,"11":0,"12":1,"13":1,"14":1,"15":1,"16":1,"17":0,"18":1,"19":1,"20":1,"21":0,"22":0,"23":2,"24":2,"25":2,"26":6,"27":2,"28":2,"29":3,"30":3,"31":3,"32":3,"33":3,"34":3,"35":3,"36":3,"37":3,"38":3,"39":3,"40":3,"41":3,"42":3,"43":3,"44":1,"45":1,"46":0,"47":0},"f":{"0":1,"1":1,"2":1,"3":1,"4":1,"5":1,"6":0,"7":0,"8":2},"b":{"0":[0,1],"1":[0,1],"2":[3,0],"3":[1,0]},"_coverageSchema":"1a1c01bbd47fc00a2c39e90264f33305004495a9","hash":"f2aaf1bea5d3d2b4fa405a386e3a43227b3d2ba2"}
}
