TN:
SF:static\main.js
FN:8,initializeDate
FN:25,fetchArticles
FN:27,(anonymous_2)
FN:33,(anonymous_3)
FN:42,(anonymous_4)
FN:48,(anonymous_5)
FN:53,(anonymous_6)
FN:57,(anonymous_7)
FN:63,loadArticles
FNF:9
FNH:7
FNDA:1,initializeDate
FNDA:1,fetchArticles
FNDA:1,(anonymous_2)
FNDA:1,(anonymous_3)
FNDA:1,(anonymous_4)
FNDA:1,(anonymous_5)
FNDA:0,(anonymous_6)
FNDA:0,(anonymous_7)
FNDA:2,loadArticles
DA:4,1
DA:5,1
DA:10,1
DA:12,1
DA:15,1
DA:16,1
DA:17,1
DA:18,1
DA:22,1
DA:26,1
DA:28,1
DA:29,0
DA:31,1
DA:34,1
DA:38,1
DA:41,1
DA:43,1
DA:44,0
DA:46,1
DA:49,1
DA:51,1
DA:54,0
DA:58,0
DA:69,2
DA:78,2
DA:79,6
DA:83,2
DA:86,3
DA:88,3
DA:91,3
DA:95,3
DA:97,3
DA:99,3
DA:101,3
DA:107,3
DA:109,3
DA:111,3
DA:113,3
DA:116,3
DA:118,3
DA:120,3
DA:122,3
DA:127,1
DA:128,1
DA:134,0
DA:135,0
LF:46
LH:40
BRDA:28,0,0,0
BRDA:28,0,1,1
BRDA:43,1,0,0
BRDA:43,1,1,1
BRDA:95,2,0,3
BRDA:95,2,1,0
BRDA:127,3,0,1
BRDA:127,3,1,0
BRF:8
BRH:4
end_of_record
