TN:
SF:static\main.js
FN:5,initializeDate
FN:19,(anonymous_1)
FN:24,fetchArticles
FN:26,(anonymous_3)
FN:27,(anonymous_4)
FN:28,(anonymous_5)
FN:34,fetchCommentCounts
FN:36,(anonymous_7)
FN:37,(anonymous_8)
FN:38,(anonymous_9)
FN:41,loadArticles
FN:46,(anonymous_11)
FN:48,(anonymous_12)
FN:50,(anonymous_13)
FN:80,(anonymous_14)
FN:98,(anonymous_15)
FN:102,(anonymous_16)
FN:109,openSidebar
FN:138,openAccountSidebar
FN:178,fetchComments
FN:180,(anonymous_20)
FN:181,(anonymous_21)
FN:183,(anonymous_22)
FN:195,(anonymous_23)
FN:198,(anonymous_24)
FN:202,createCommentElement
FN:236,(anonymous_26)
FN:241,(anonymous_27)
FN:245,(anonymous_28)
FN:258,(anonymous_29)
FN:259,(anonymous_30)
FN:269,createActionRow
FN:281,(anonymous_32)
FN:286,(anonymous_33)
FN:294,createReplyElement
FN:312,(anonymous_35)
FN:320,(anonymous_36)
FN:333,postComment
FN:339,(anonymous_38)
FN:343,(anonymous_39)
FN:347,(anonymous_40)
FNF:41
FNH:4
FNDA:1,initializeDate
FNDA:0,(anonymous_1)
FNDA:0,fetchArticles
FNDA:0,(anonymous_3)
FNDA:0,(anonymous_4)
FNDA:0,(anonymous_5)
FNDA:0,fetchCommentCounts
FNDA:0,(anonymous_7)
FNDA:0,(anonymous_8)
FNDA:0,(anonymous_9)
FNDA:0,loadArticles
FNDA:0,(anonymous_11)
FNDA:0,(anonymous_12)
FNDA:0,(anonymous_13)
FNDA:0,(anonymous_14)
FNDA:0,(anonymous_15)
FNDA:0,(anonymous_16)
FNDA:0,openSidebar
FNDA:0,openAccountSidebar
FNDA:0,fetchComments
FNDA:0,(anonymous_20)
FNDA:0,(anonymous_21)
FNDA:0,(anonymous_22)
FNDA:0,(anonymous_23)
FNDA:0,(anonymous_24)
FNDA:1,createCommentElement
FNDA:0,(anonymous_26)
FNDA:2,(anonymous_27)
FNDA:0,(anonymous_28)
FNDA:0,(anonymous_29)
FNDA:0,(anonymous_30)
FNDA:1,createActionRow
FNDA:0,(anonymous_32)
FNDA:0,(anonymous_33)
FNDA:0,createReplyElement
FNDA:0,(anonymous_35)
FNDA:0,(anonymous_36)
FNDA:0,postComment
FNDA:0,(anonymous_38)
FNDA:0,(anonymous_39)
FNDA:0,(anonymous_40)
DA:1,1
DA:2,1
DA:6,1
DA:7,1
DA:8,1
DA:16,1
DA:17,1
DA:18,1
DA:19,0
DA:25,0
DA:26,0
DA:27,0
DA:28,0
DA:32,1
DA:35,0
DA:36,0
DA:37,0
DA:38,0
DA:42,0
DA:46,0
DA:48,0
DA:50,0
DA:51,0
DA:52,0
DA:53,0
DA:55,0
DA:56,0
DA:57,0
DA:58,0
DA:59,0
DA:62,0
DA:63,0
DA:64,0
DA:65,0
DA:67,0
DA:68,0
DA:69,0
DA:71,0
DA:72,0
DA:74,0
DA:75,0
DA:76,0
DA:78,0
DA:79,0
DA:80,0
DA:81,0
DA:83,0
DA:88,1
DA:90,1
DA:91,1
DA:92,1
DA:93,1
DA:94,1
DA:95,1
DA:97,1
DA:98,0
DA:101,1
DA:102,0
DA:103,0
DA:104,0
DA:105,0
DA:110,0
DA:111,0
DA:112,0
DA:115,0
DA:117,0
DA:118,0
DA:120,0
DA:122,0
DA:123,0
DA:124,0
DA:126,0
DA:127,0
DA:129,0
DA:130,0
DA:131,0
DA:134,0
DA:139,0
DA:140,0
DA:141,0
DA:144,0
DA:146,0
DA:147,0
DA:148,0
DA:149,0
DA:150,0
DA:151,0
DA:153,0
DA:154,0
DA:155,0
DA:156,0
DA:158,0
DA:159,0
DA:160,0
DA:162,0
DA:163,0
DA:164,0
DA:165,0
DA:166,0
DA:167,0
DA:168,0
DA:170,0
DA:171,0
DA:172,0
DA:174,0
DA:179,0
DA:180,0
DA:182,0
DA:183,0
DA:184,0
DA:185,0
DA:187,0
DA:189,0
DA:190,0
DA:192,0
DA:193,0
DA:195,0
DA:196,0
DA:198,0
DA:203,1
DA:204,1
DA:206,1
DA:207,1
DA:208,1
DA:209,1
DA:211,1
DA:212,1
DA:213,1
DA:214,1
DA:216,1
DA:217,1
DA:219,1
DA:220,1
DA:221,1
DA:223,1
DA:224,1
DA:225,1
DA:226,1
DA:228,1
DA:230,1
DA:231,1
DA:232,1
DA:234,1
DA:236,1
DA:237,0
DA:241,1
DA:242,2
DA:245,1
DA:246,0
DA:247,0
DA:249,0
DA:258,0
DA:260,0
DA:261,0
DA:262,0
DA:266,1
DA:270,1
DA:271,1
DA:273,1
DA:274,1
DA:275,1
DA:276,1
DA:278,1
DA:279,0
DA:280,0
DA:281,0
DA:282,0
DA:286,0
DA:288,0
DA:291,1
DA:295,0
DA:296,0
DA:298,0
DA:299,0
DA:300,0
DA:301,0
DA:303,0
DA:304,0
DA:305,0
DA:306,0
DA:308,0
DA:309,0
DA:310,0
DA:311,0
DA:312,0
DA:313,0
DA:320,0
DA:323,0
DA:324,0
DA:325,0
DA:326,0
DA:329,0
DA:334,0
DA:340,0
DA:341,0
DA:344,0
DA:345,0
DA:347,0
DA:351,1
DA:352,1
DA:354,0
DA:355,0
LF:202
LH:57
BRDA:17,0,0,1
BRDA:17,0,1,0
BRDA:18,1,0,0
BRDA:18,1,1,1
BRDA:37,2,0,0
BRDA:37,2,1,0
BRDA:55,3,0,0
BRDA:55,3,1,0
BRDA:55,4,0,0
BRDA:55,4,1,0
BRDA:55,4,2,0
BRDA:58,5,0,0
BRDA:58,5,1,0
BRDA:58,6,0,0
BRDA:58,6,1,0
BRDA:76,7,0,0
BRDA:76,7,1,0
BRDA:97,8,0,0
BRDA:97,8,1,1
BRDA:101,9,0,0
BRDA:101,9,1,1
BRDA:109,10,0,0
BRDA:129,11,0,0
BRDA:129,11,1,0
BRDA:174,12,0,0
BRDA:174,12,1,0
BRDA:182,13,0,0
BRDA:182,13,1,0
BRDA:184,14,0,0
BRDA:184,14,1,0
BRDA:184,14,2,0
BRDA:190,15,0,0
BRDA:190,15,1,0
BRDA:208,16,0,1
BRDA:208,16,1,0
BRDA:213,17,0,0
BRDA:213,17,1,1
BRDA:236,18,0,1
BRDA:236,18,1,0
BRDA:247,19,0,0
BRDA:247,19,1,0
BRDA:278,20,0,0
BRDA:278,20,1,1
BRDA:305,21,0,0
BRDA:305,21,1,0
BRDA:308,22,0,0
BRDA:308,22,1,0
BRDA:340,23,0,0
BRDA:340,23,1,0
BRDA:351,24,0,1
BRDA:351,24,1,0
BRF:51
BRH:9
end_of_record
